<?xml version="1.0" encoding="UTF-8"?>
<!-- Generated by org.testng.reporters.JUnitReportReporter -->
<testsuite hostname="mmiguez" failures="0" tests="1" name="com.solvd.carina.demo.HelloWorld" time="0.013" errors="0" timestamp="2025-02-15T21:54:48 GMT-03:00" skipped="0">
  <testcase classname="com.solvd.carina.demo.HelloWorld" name="helloWorld" time="0.013"/>
</testsuite> <!-- com.solvd.carina.demo.HelloWorld -->
